[shopgrowgarden.com/index.html]
[backblue.gif]
[fade.gif]
[index.html]
[i.ibb.co/JjN8mQ32/74b34e148c58fabd4ad53fe68bd2c4f9-png.png]
[shopgrowgarden.com/assets/css/stylesdfb3.css]
[unpkg.com/boxicons@2.0.9/css/boxicons.min.css]
[code.jquery.com/jquery-3.3.1.min.js]
[cdn.jsdelivr.net/npm/lazyload@2.0.0-rc.2/lazyload.js]
[shopgrowgarden.com/assets/css/modald6a0.css]
[cdnjs.cloudflare.com/ajax/libs/font-awesome/4.7.0/css/font-awesome.min.css]
[i.ibb.co/M5Dj4rpk/8574d186247eba75669b7d50d42bd650-png.png]
[cdnjs.cloudflare.com/ajax/libs/slick-carousel/1.8.1/slick.min.js]
[shopgrowgarden.com/views/account/7.html]
[i.ibb.co/bj0qv1m3/9f420c184c0888c4d743dacb37298189-jpg.jpg]
[shopgrowgarden.com/views/account/17.html]
[i.ibb.co/YTkQJq3c/0ee668848046f6a144ebda22030e8b13-jpg.jpg]
[shopgrowgarden.com/views/account/4.html]
[i.ibb.co/Lhnm9pmZ/81d176e9014d7fe9be742175ae402fe9-jpg.jpg]
[shopgrowgarden.com/random/giam-gia-acc-random-grow-a-garden-vip.html]
[i.ibb.co/QvMZCF21/5a19bbac9befca4c3d85d21fffaae06c-jpg.jpg]
[shopgrowgarden.com/account/dich-vu-grow-a-garden.html]
[i.ibb.co/nsSK6csW/f891c380151faa8fd50d8d592175bf53-jpg.jpg]
[i.ibb.co/YTdWzqBG/cccd976c5ed612183e5652f9d36fc0cb-jpg.jpg]
[i.ibb.co/HsbGSwf/b0fa0f9be08979050e2c6506246906b4-jpg.jpg]
[i.ibb.co/7Jthj7gL/c667954b382ca66cea8ae6ad420256ff-jpg.jpg]
[shopgrowgarden.com/account/acc-grow-a-garden-tu-chon-trong-hinh.html]
[shopgrowgarden.com/random/giam-gia-acc-random-grow-a-garden.html]
[iili.io/F79wsus.md.jpg]
[iili.io/38teSsf.gif]
[cdnjs.cloudflare.com/ajax/libs/popper.js/1.14.7/umd/popper.min.js]
[stackpath.bootstrapcdn.com/bootstrap/4.3.1/js/bootstrap.min.js]
[transvelo.github.io/electro-html/2.0/assets/vendor/slick-carousel/slick/slick.js]
[transvelo.github.io/electro-html/2.0/assets/js/hs.core.js]
[transvelo.github.io/electro-html/2.0/assets/js/components/hs.slick-carousel.js]
[shopgrowgarden.com/index.html]
[shopgrowgarden.com/assets/script3705.js]
[shopgrowgarden.com/assets/images/voucher3.png]
[shopgrowgarden.com/assets/fonts/element-icons.313f7da.woff]
[shopgrowgarden.com/assets/fonts/element-icons.4520188.ttf]
[shopgrowgarden.com/IMG_3478.png]
[shopgrowgarden.com/assets/css/stylesdfb3.css]
[shopgrowgarden.com/themes/fonts/element-icons.313f7da.woff]
[shopgrowgarden.com/themes/fonts/element-icons.4520188.ttf]
[shopgrowgarden.com/assets/css/modald6a0.css]
[unpkg.com/boxicons@2.0.9/css/boxicons.min.css]
[cdnjs.cloudflare.com/ajax/libs/font-awesome/4.7.0/css/font-awesome.min.css]
[shopgrowgarden.com/assets/css/stylesf863.css]
[shopgrowgarden.com/assets/css/modal3551.css]
[transvelo.github.io/electro-html/2.0/assets/vendor/slick-carousel/slick/slick.css]
[i.ibb.co/L4r5D0S/5b33fa47bc98ea6da11d21885a25de37-png.png]
[shopgrowgarden.com/user/history/acc.html]
[shopgrowgarden.com/views/account/7.html]
[shopgrowgarden.com/assets/script635f.js]
[shopgrowgarden.com/assets/css/stylescfb7.css]
[shopgrowgarden.com/assets/css/modal42a7.css]
[shopgrowgarden.com/views/account/17.html]
[shopgrowgarden.com/assets/scriptdd68.js]
[shopgrowgarden.com/assets/css/stylesef21.css]
[shopgrowgarden.com/views/account/4.html]
[shopgrowgarden.com/assets/scriptb19a.js]
[shopgrowgarden.com/assets/css/modal59a5.css]
[shopgrowgarden.com/assets/css/styles5a1d.css]
[shopgrowgarden.com/assets/css/modald87d.css]
[shopgrowgarden.com/random/giam-gia-acc-random-grow-a-garden-vip.html]
[shopgrowgarden.com/assets/scriptc303.js]
[shopgrowgarden.com/assets/css/modal717d.css]
[shopgrowgarden.com/account/dich-vu-grow-a-garden.html]
[shopgrowgarden.com/assets/css/styles59a5.css]
[shopgrowgarden.com/assets/script357d.js]
[i.ibb.co/NgJYZj42/3629aedd6c29f0d8ebdecd5f6e9a8095-jpg.jpg]
[shopgrowgarden.com/assets/css/modal52b6.css]
[shopgrowgarden.com/account/acc-grow-a-garden-tu-chon-trong-hinh.html]
[shopgrowgarden.com/assets/script891b.js]
[shopgrowgarden.com/assets/css/styles52b6.css]
[shopgrowgarden.com/assets/css/modal32dd.css]
[i.ibb.co/qYHJ0Mhb/299065bc39fec276d885f0a0484f8380-jpg.jpg]
[shopgrowgarden.com/random/giam-gia-acc-random-grow-a-garden.html]
[shopgrowgarden.com/IMG_3478.html]
[shopgrowgarden.com/themes/fonts/element-icons.313f7da.html]
[shopgrowgarden.com/themes/fonts/element-icons.4520188.html]
[shopgrowgarden.com/assets/css/stylesf863.css]
[shopgrowgarden.com/assets/css/modal3551.css]
[transvelo.github.io/electro-html/2.0/assets/vendor/slick-carousel/slick/slick.css]
[shopgrowgarden.com/assets/scriptf4d4.js]
[shopgrowgarden.com/assets/css/stylesa418.css]
[shopgrowgarden.com/user/history/acc.html]
[shopgrowgarden.com/assets/css/stylescfb7.css]
[shopgrowgarden.com/assets/css/modal42a7.css]
[shopgrowgarden.com/assets/css/stylesef21.css]
[shopgrowgarden.com/assets/css/modal59a5.css]
[shopgrowgarden.com/assets/css/styles5a1d.css]
[shopgrowgarden.com/assets/css/modald87d.css]
[shopgrowgarden.com/assets/css/styles59a5.css]
[shopgrowgarden.com/assets/css/modal717d.css]
[shopgrowgarden.com/assets/css/modal52b6.css]
[shopgrowgarden.com/assets/css/styles52b6.css]
[i.ibb.co/QvbCRdmC/4f619c4bf4e2715439ba1aaab0dbe9d5-jpg.jpg]
[shopgrowgarden.com/assets/css/modal32dd.css]
[shopgrowgarden.com/assets/css/stylesa418.css]
[shopgrowgarden.com/assets/css/modalfb84.css]
[shopgrowgarden.com/assets/css/modalfb84.css]
